[debug] [2023-12-30T17:18:58.407Z] ----------------------------------------------------------------------
[debug] [2023-12-30T17:18:58.409Z] Command:       C:\Program Files\nodejs\node.exe C:\Users\shubh\AppData\Roaming\npm\node_modules\firebase-tools\lib\bin\firebase.js init
[debug] [2023-12-30T17:18:58.409Z] CLI Version:   13.0.2
[debug] [2023-12-30T17:18:58.409Z] Platform:      win32
[debug] [2023-12-30T17:18:58.410Z] Node Version:  v18.18.0
[debug] [2023-12-30T17:18:58.410Z] Time:          Sat Dec 30 2023 22:48:58 GMT+0530 (India Standard Time)
[debug] [2023-12-30T17:18:58.411Z] ----------------------------------------------------------------------
[debug] 
[debug] [2023-12-30T17:18:58.479Z] > command requires scopes: ["email","openid","https://www.googleapis.com/auth/cloudplatformprojects.readonly","https://www.googleapis.com/auth/firebase","https://www.googleapis.com/auth/cloud-platform"]
[debug] [2023-12-30T17:18:58.480Z] > authorizing via signed-in user (shubhamarora140@gmail.com)
[info] 
     ######## #### ########  ######## ########     ###     ######  ########
     ##        ##  ##     ## ##       ##     ##  ##   ##  ##       ##
     ######    ##  ########  ######   ########  #########  ######  ######
     ##        ##  ##    ##  ##       ##     ## ##     ##       ## ##
     ##       #### ##     ## ######## ########  ##     ##  ######  ########

You're about to initialize a Firebase project in this directory:

  C:\Users\shubh\OneDrive\Desktop\projects\ShubhOfficial

Before we get started, keep in mind:

  * You are initializing within an existing Firebase project directory

